SF:lib/domain/models/book.dart
DA:16,1
DA:28,0
DA:31,0
DA:33,0
DA:34,0
DA:36,0
DA:37,0
LF:7
LH:1
end_of_record
SF:lib/features/bookshelf/data/hive_book_repository.dart
DA:11,1
DA:12,3
DA:16,1
DA:17,2
DA:21,0
DA:22,0
DA:26,1
DA:27,2
DA:28,1
DA:29,1
DA:30,1
DA:31,1
DA:32,1
DA:33,1
DA:34,1
DA:35,1
DA:36,1
DA:41,1
DA:42,1
DA:43,1
DA:44,1
DA:45,1
DA:46,1
DA:47,1
DA:48,1
DA:49,1
DA:50,1
DA:51,1
DA:52,1
DA:56,1
DA:58,5
DA:61,1
DA:63,2
DA:65,1
DA:68,1
DA:70,1
DA:71,1
DA:72,2
DA:73,3
DA:80,1
DA:82,4
DA:85,1
DA:87,2
LF:43
LH:41
end_of_record
SF:lib/core/theme/app_theme.dart
DA:4,0
DA:10,0
LF:2
LH:0
end_of_record
SF:lib/domain/models/review.dart
DA:14,3
DA:21,3
DA:24,0
DA:27,0
DA:29,0
DA:30,0
DA:32,0
DA:33,0
LF:8
LH:2
end_of_record
SF:lib/features/bookshelf/data/book_search_service.dart
DA:10,0
DA:14,0
DA:15,0
DA:16,0
DA:19,0
DA:21,0
DA:22,0
DA:25,0
DA:27,0
DA:31,0
DA:36,0
DA:38,0
DA:39,0
DA:41,0
DA:42,0
DA:43,0
DA:46,0
DA:47,0
LF:18
LH:0
end_of_record
SF:lib/features/bookshelf/presentation/barcode_scanner_screen.dart
DA:14,0
DA:19,0
DA:20,0
DA:30,0
DA:32,0
DA:33,0
DA:36,0
DA:37,0
DA:39,0
DA:40,0
DA:41,0
DA:44,0
DA:45,0
DA:46,0
DA:47,0
DA:51,0
DA:52,0
DA:54,0
DA:59,0
DA:60,0
DA:61,0
DA:65,0
DA:66,0
DA:69,0
DA:71,0
DA:74,0
DA:77,0
DA:78,0
DA:79,0
DA:81,0
DA:85,0
DA:86,0
DA:87,0
DA:88,0
DA:90,0
DA:91,0
DA:94,0
DA:95,0
DA:96,0
DA:97,0
DA:98,0
DA:99,0
DA:100,0
DA:101,0
DA:105,0
DA:108,0
DA:114,0
DA:115,0
DA:116,0
DA:122,0
DA:123,0
DA:124,0
DA:125,0
DA:127,0
DA:128,0
DA:129,0
DA:130,0
DA:135,0
DA:136,0
DA:137,0
DA:140,0
DA:141,0
DA:148,0
DA:150,0
DA:151,0
DA:153,0
DA:157,0
DA:158,0
DA:159,0
DA:160,0
DA:165,0
DA:167,0
DA:168,0
DA:171,0
DA:172,0
DA:174,0
DA:175,0
DA:176,0
DA:177,0
DA:178,0
DA:179,0
DA:181,0
DA:182,0
DA:183,0
DA:184,0
DA:189,0
DA:193,0
DA:194,0
DA:197,0
DA:199,0
DA:212,0
DA:213,0
DA:214,0
LF:93
LH:0
end_of_record
SF:lib/features/bookshelf/presentation/bookshelf_screen.dart
DA:14,0
DA:22,0
DA:23,0
DA:34,0
DA:36,0
DA:37,0
DA:40,0
DA:42,0
DA:43,0
DA:46,0
DA:47,0
DA:48,0
DA:49,0
DA:50,0
DA:55,0
DA:56,0
DA:57,0
DA:59,0
DA:60,0
DA:61,0
DA:62,0
DA:66,0
DA:67,0
DA:68,0
DA:69,0
DA:70,0
DA:71,0
DA:73,0
DA:78,0
DA:79,0
DA:80,0
DA:81,0
DA:87,0
DA:88,0
DA:89,0
DA:91,0
DA:92,0
DA:93,0
DA:94,0
DA:95,0
DA:96,0
DA:97,0
DA:98,0
DA:101,0
DA:102,0
DA:104,0
DA:105,0
DA:106,0
DA:107,0
DA:108,0
DA:109,0
DA:115,0
DA:117,0
DA:118,0
DA:119,0
DA:122,0
DA:123,0
DA:124,0
DA:125,0
DA:126,0
DA:127,0
DA:130,0
DA:131,0
DA:135,0
DA:137,0
DA:139,0
DA:141,0
DA:142,0
DA:145,0
DA:150,0
DA:151,0
DA:152,0
DA:153,0
DA:154,0
DA:160,0
DA:161,0
DA:163,0
DA:165,0
DA:166,0
DA:167,0
DA:168,0
DA:169,0
DA:171,0
DA:181,0
DA:183,0
DA:184,0
DA:194,0
DA:195,0
DA:199,0
DA:200,0
DA:202,0
DA:203,0
DA:204,0
DA:207,0
DA:208,0
DA:214,0
DA:215,0
DA:217,0
DA:219,0
DA:221,0
DA:222,0
DA:223,0
DA:224,0
DA:225,0
DA:226,0
DA:230,0
DA:233,0
DA:239,0
DA:242,0
DA:245,0
DA:246,0
DA:247,0
DA:249,0
DA:250,0
DA:252,0
DA:253,0
DA:254,0
DA:255,0
DA:256,0
DA:269,0
DA:270,0
DA:274,0
DA:275,0
DA:276,0
DA:277,0
DA:278,0
DA:279,0
DA:280,0
DA:281,0
DA:282,0
DA:283,0
DA:287,0
DA:291,0
DA:292,0
DA:293,0
DA:295,0
DA:296,0
DA:297,0
DA:300,0
DA:306,0
DA:307,0
DA:308,0
DA:309,0
DA:310,0
DA:311,0
LF:145
LH:0
end_of_record
SF:lib/features/review/presentation/review_screen.dart
DA:15,1
DA:21,1
DA:22,1
DA:30,1
DA:32,1
DA:33,1
DA:36,1
DA:37,2
DA:38,1
DA:39,1
DA:42,3
DA:43,2
DA:45,2
DA:46,1
DA:47,1
DA:50,0
DA:51,0
DA:52,0
DA:57,1
DA:58,3
DA:59,1
DA:62,1
DA:63,3
DA:64,1
DA:67,1
DA:68,3
DA:69,1
DA:72,1
DA:73,1
DA:74,1
DA:75,1
DA:76,1
DA:77,1
DA:78,2
DA:79,1
DA:80,2
DA:81,1
DA:83,0
DA:84,0
DA:92,1
DA:93,1
DA:94,1
DA:95,1
DA:96,1
DA:97,1
DA:98,2
DA:100,1
DA:101,2
DA:102,1
DA:104,0
DA:105,0
DA:113,1
DA:114,1
DA:115,1
DA:116,1
DA:117,1
DA:120,1
DA:121,1
DA:122,0
DA:125,1
DA:127,3
DA:135,1
DA:136,1
DA:140,1
DA:142,1
DA:144,1
DA:145,1
DA:146,1
DA:148,1
DA:154,1
DA:155,1
DA:162,1
DA:163,0
DA:164,0
DA:168,2
DA:175,1
DA:176,2
DA:177,1
DA:178,2
DA:179,1
DA:180,3
DA:182,2
DA:183,3
LF:83
LH:73
end_of_record
SF:lib/features/review/data/hive_review_repository.dart
DA:11,1
DA:12,3
DA:16,1
DA:17,2
DA:21,0
DA:22,0
DA:26,1
DA:27,2
DA:28,1
DA:29,1
DA:30,1
DA:31,1
DA:32,2
DA:33,2
DA:38,1
DA:39,1
DA:40,1
DA:41,1
DA:42,1
DA:43,1
DA:44,1
DA:45,2
DA:46,2
DA:50,1
DA:52,2
DA:53,2
DA:54,4
DA:55,1
DA:58,1
DA:60,4
DA:63,1
DA:65,4
DA:68,1
DA:70,2
LF:34
LH:32
end_of_record
SF:lib/features/review/presentation/widgets/review_card.dart
DA:8,2
DA:19,2
DA:20,8
DA:23,2
DA:25,2
DA:27,2
DA:29,2
DA:31,2
DA:33,2
DA:34,6
DA:40,2
DA:41,4
DA:47,2
DA:48,20
DA:54,2
DA:56,2
DA:57,2
DA:60,2
DA:62,2
DA:65,2
LF:20
LH:20
end_of_record
SF:lib/features/review/presentation/widgets/review_form.dart
DA:15,1
DA:23,1
DA:24,1
DA:31,1
DA:33,1
DA:34,4
DA:35,1
DA:36,4
DA:39,1
DA:41,2
DA:42,1
DA:45,1
DA:46,1
DA:47,4
DA:48,2
DA:49,1
DA:50,2
DA:51,4
DA:52,1
DA:54,3
DA:57,1
DA:58,1
DA:59,2
DA:60,1
DA:61,2
DA:62,1
DA:64,1
DA:65,2
DA:66,1
DA:72,1
DA:74,1
DA:77,1
DA:79,1
DA:81,1
DA:83,3
DA:87,1
DA:89,1
DA:101,1
DA:103,1
DA:104,1
DA:106,2
DA:110,1
DA:112,3
LF:43
LH:43
end_of_record
SF:lib/main.dart
DA:7,0
DA:8,0
DA:9,0
DA:10,0
DA:14,4
DA:16,0
DA:18,0
DA:20,0
DA:21,0
LF:9
LH:1
end_of_record
SF:lib/screens/main_screen.dart
DA:7,4
DA:9,0
DA:10,0
DA:18,0
DA:20,0
DA:21,0
DA:24,0
DA:25,0
DA:26,0
DA:27,0
DA:28,0
DA:29,0
DA:34,0
DA:36,0
DA:42,0
DA:43,0
DA:44,0
LF:17
LH:1
end_of_record
